Waf: Entering directory `/home/bo/High-Precision-Congestion-Control/simulation/build'
[1261/1425] cxx: src/point-to-point/model/rdma-hw.cc -> build/src/point-to-point/model/rdma-hw.cc.1.o
[1394/1425] cxxshlib: build/src/point-to-point/model/point-to-point-net-device.cc.1.o build/src/point-to-point/model/point-to-point-channel.cc.1.o build/src/point-to-point/model/point-to-point-remote-channel.cc.1.o build/src/point-to-point/model/ppp-header.cc.1.o build/src/point-to-point/helper/point-to-point-helper.cc.1.o build/src/point-to-point/helper/qbb-helper.cc.1.o build/src/point-to-point/model/qbb-net-device.cc.1.o build/src/point-to-point/model/pause-header.cc.1.o build/src/point-to-point/model/cn-header.cc.1.o build/src/point-to-point/model/qbb-header.cc.1.o build/src/point-to-point/model/qbb-channel.cc.1.o build/src/point-to-point/model/qbb-remote-channel.cc.1.o build/src/point-to-point/model/rdma-driver.cc.1.o build/src/point-to-point/model/rdma-queue-pair.cc.1.o build/src/point-to-point/model/rdma-hw.cc.1.o build/src/point-to-point/model/switch-node.cc.1.o build/src/point-to-point/model/switch-mmu.cc.1.o build/src/point-to-point/model/pint.cc.1.o -> build/libns3.18-point-to-point-debug.so
[1401/1425] cxxshlib: build/src/applications/model/bulk-send-application.cc.1.o build/src/applications/model/onoff-application.cc.1.o build/src/applications/model/packet-sink.cc.1.o build/src/applications/model/ping6.cc.1.o build/src/applications/model/radvd.cc.1.o build/src/applications/model/radvd-interface.cc.1.o build/src/applications/model/radvd-prefix.cc.1.o build/src/applications/model/udp-client.cc.1.o build/src/applications/model/udp-server.cc.1.o build/src/applications/model/udp-trace-client.cc.1.o build/src/applications/model/packet-loss-counter.cc.1.o build/src/applications/model/udp-echo-client.cc.1.o build/src/applications/model/udp-echo-server.cc.1.o build/src/applications/model/v4ping.cc.1.o build/src/applications/helper/bulk-send-helper.cc.1.o build/src/applications/helper/on-off-helper.cc.1.o build/src/applications/helper/packet-sink-helper.cc.1.o build/src/applications/helper/ping6-helper.cc.1.o build/src/applications/helper/udp-client-server-helper.cc.1.o build/src/applications/helper/udp-echo-helper.cc.1.o build/src/applications/helper/v4ping-helper.cc.1.o build/src/applications/model/rdma-client.cc.1.o build/src/applications/helper/rdma-client-helper.cc.1.o -> build/libns3.18-applications-debug.so
[1402/1425] cxxshlib: build/src/mesh/model/mesh-information-element-vector.cc.1.o build/src/mesh/model/mesh-point-device.cc.1.o build/src/mesh/model/mesh-l2-routing-protocol.cc.1.o build/src/mesh/model/mesh-wifi-beacon.cc.1.o build/src/mesh/model/mesh-wifi-interface-mac.cc.1.o build/src/mesh/model/dot11s/ie-dot11s-beacon-timing.cc.1.o build/src/mesh/model/dot11s/ie-dot11s-configuration.cc.1.o build/src/mesh/model/dot11s/ie-dot11s-id.cc.1.o build/src/mesh/model/dot11s/ie-dot11s-peer-management.cc.1.o build/src/mesh/model/dot11s/ie-dot11s-preq.cc.1.o build/src/mesh/model/dot11s/ie-dot11s-prep.cc.1.o build/src/mesh/model/dot11s/ie-dot11s-perr.cc.1.o build/src/mesh/model/dot11s/ie-dot11s-rann.cc.1.o build/src/mesh/model/dot11s/ie-dot11s-peering-protocol.cc.1.o build/src/mesh/model/dot11s/ie-dot11s-metric-report.cc.1.o build/src/mesh/model/dot11s/dot11s-mac-header.cc.1.o build/src/mesh/model/dot11s/peer-link-frame.cc.1.o build/src/mesh/model/dot11s/peer-link.cc.1.o build/src/mesh/model/dot11s/peer-management-protocol-mac.cc.1.o build/src/mesh/model/dot11s/peer-management-protocol.cc.1.o build/src/mesh/model/dot11s/hwmp-tag.cc.1.o build/src/mesh/model/dot11s/hwmp-rtable.cc.1.o build/src/mesh/model/dot11s/hwmp-protocol-mac.cc.1.o build/src/mesh/model/dot11s/hwmp-protocol.cc.1.o build/src/mesh/model/dot11s/airtime-metric.cc.1.o build/src/mesh/model/flame/flame-header.cc.1.o build/src/mesh/model/flame/flame-rtable.cc.1.o build/src/mesh/model/flame/flame-protocol-mac.cc.1.o build/src/mesh/model/flame/flame-protocol.cc.1.o build/src/mesh/helper/mesh-helper.cc.1.o build/src/mesh/helper/dot11s/dot11s-installer.cc.1.o build/src/mesh/helper/flame/flame-installer.cc.1.o -> build/libns3.18-mesh-debug.so
[1403/1425] cxxshlib: build/src/csma/model/backoff.cc.1.o build/src/csma/model/csma-net-device.cc.1.o build/src/csma/model/csma-channel.cc.1.o build/src/csma/helper/csma-helper.cc.1.o -> build/libns3.18-csma-debug.so
[1404/1425] cxxshlib: build/src/spectrum/model/spectrum-model.cc.1.o build/src/spectrum/model/spectrum-value.cc.1.o build/src/spectrum/model/spectrum-converter.cc.1.o build/src/spectrum/model/spectrum-signal-parameters.cc.1.o build/src/spectrum/model/spectrum-propagation-loss-model.cc.1.o build/src/spectrum/model/friis-spectrum-propagation-loss.cc.1.o build/src/spectrum/model/constant-spectrum-propagation-loss.cc.1.o build/src/spectrum/model/spectrum-phy.cc.1.o build/src/spectrum/model/spectrum-channel.cc.1.o build/src/spectrum/model/single-model-spectrum-channel.cc.1.o build/src/spectrum/model/multi-model-spectrum-channel.cc.1.o build/src/spectrum/model/spectrum-interference.cc.1.o build/src/spectrum/model/spectrum-error-model.cc.1.o build/src/spectrum/model/spectrum-model-ism2400MHz-res1MHz.cc.1.o build/src/spectrum/model/spectrum-model-300kHz-300GHz-log.cc.1.o build/src/spectrum/model/wifi-spectrum-value-helper.cc.1.o build/src/spectrum/model/waveform-generator.cc.1.o build/src/spectrum/model/spectrum-analyzer.cc.1.o build/src/spectrum/model/aloha-noack-mac-header.cc.1.o build/src/spectrum/model/aloha-noack-net-device.cc.1.o build/src/spectrum/model/half-duplex-ideal-phy.cc.1.o build/src/spectrum/model/half-duplex-ideal-phy-signal-parameters.cc.1.o build/src/spectrum/model/non-communicating-net-device.cc.1.o build/src/spectrum/model/microwave-oven-spectrum-value-helper.cc.1.o build/src/spectrum/helper/spectrum-helper.cc.1.o build/src/spectrum/helper/adhoc-aloha-noack-ideal-phy-helper.cc.1.o build/src/spectrum/helper/waveform-generator-helper.cc.1.o build/src/spectrum/helper/spectrum-analyzer-helper.cc.1.o -> build/libns3.18-spectrum-debug.so
[1405/1425] cxxshlib: build/src/wimax/model/cid.cc.1.o build/src/wimax/model/cid-factory.cc.1.o build/src/wimax/model/wimax-net-device.cc.1.o build/src/wimax/model/bs-net-device.cc.1.o build/src/wimax/model/ss-net-device.cc.1.o build/src/wimax/model/wimax-mac-header.cc.1.o build/src/wimax/model/wimax-phy.cc.1.o build/src/wimax/model/wimax-channel.cc.1.o build/src/wimax/model/ofdm-downlink-frame-prefix.cc.1.o build/src/wimax/model/wimax-connection.cc.1.o build/src/wimax/model/ss-record.cc.1.o build/src/wimax/model/mac-messages.cc.1.o build/src/wimax/model/dl-mac-messages.cc.1.o build/src/wimax/model/ul-mac-messages.cc.1.o build/src/wimax/model/simple-ofdm-wimax-phy.cc.1.o build/src/wimax/model/simple-ofdm-wimax-channel.cc.1.o build/src/wimax/model/send-params.cc.1.o build/src/wimax/model/ss-manager.cc.1.o build/src/wimax/model/connection-manager.cc.1.o build/src/wimax/model/bs-uplink-scheduler.cc.1.o build/src/wimax/model/bs-uplink-scheduler-simple.cc.1.o build/src/wimax/model/bs-uplink-scheduler-mbqos.cc.1.o build/src/wimax/model/bs-uplink-scheduler-rtps.cc.1.o build/src/wimax/model/bs-scheduler.cc.1.o build/src/wimax/model/bs-scheduler-simple.cc.1.o build/src/wimax/model/bs-scheduler-rtps.cc.1.o build/src/wimax/model/wimax-mac-queue.cc.1.o build/src/wimax/model/burst-profile-manager.cc.1.o build/src/wimax/model/ss-scheduler.cc.1.o build/src/wimax/model/service-flow.cc.1.o build/src/wimax/model/service-flow-manager.cc.1.o build/src/wimax/model/service-flow-record.cc.1.o build/src/wimax/model/ss-link-manager.cc.1.o build/src/wimax/model/bs-link-manager.cc.1.o build/src/wimax/model/bandwidth-manager.cc.1.o build/src/wimax/model/crc8.cc.1.o build/src/wimax/model/ul-job.cc.1.o build/src/wimax/model/snr-to-block-error-rate-record.cc.1.o build/src/wimax/model/snr-to-block-error-rate-manager.cc.1.o build/src/wimax/model/simple-ofdm-send-param.cc.1.o build/src/wimax/model/ss-service-flow-manager.cc.1.o build/src/wimax/model/bs-service-flow-manager.cc.1.o build/src/wimax/model/ipcs-classifier.cc.1.o build/src/wimax/model/ipcs-classifier-record.cc.1.o build/src/wimax/model/wimax-tlv.cc.1.o build/src/wimax/model/cs-parameters.cc.1.o build/src/wimax/model/wimax-mac-to-mac-header.cc.1.o build/src/wimax/helper/wimax-helper.cc.1.o -> build/libns3.18-wimax-debug.so
[1406/1425] cxxshlib: build/src/olsr/model/olsr-header.cc.1.o build/src/olsr/model/olsr-state.cc.1.o build/src/olsr/model/olsr-routing-protocol.cc.1.o build/src/olsr/helper/olsr-helper.cc.1.o -> build/libns3.18-olsr-debug.so
[1407/1425] cxxshlib: build/src/lte/model/lte-common.cc.1.o build/src/lte/model/lte-spectrum-phy.cc.1.o build/src/lte/model/lte-spectrum-signal-parameters.cc.1.o build/src/lte/model/lte-phy.cc.1.o build/src/lte/model/lte-enb-phy.cc.1.o build/src/lte/model/lte-ue-phy.cc.1.o build/src/lte/model/lte-spectrum-value-helper.cc.1.o build/src/lte/model/lte-amc.cc.1.o build/src/lte/model/lte-enb-rrc.cc.1.o build/src/lte/model/lte-ue-rrc.cc.1.o build/src/lte/model/lte-rlc-sap.cc.1.o build/src/lte/model/lte-rlc.cc.1.o build/src/lte/model/lte-rlc-sequence-number.cc.1.o build/src/lte/model/lte-rlc-header.cc.1.o build/src/lte/model/lte-rlc-am-header.cc.1.o build/src/lte/model/lte-rlc-um.cc.1.o build/src/lte/model/lte-rlc-am.cc.1.o build/src/lte/model/lte-rlc-tag.cc.1.o build/src/lte/model/lte-rlc-sdu-status-tag.cc.1.o build/src/lte/model/lte-pdcp-sap.cc.1.o build/src/lte/model/lte-pdcp.cc.1.o build/src/lte/model/lte-pdcp-header.cc.1.o build/src/lte/model/lte-pdcp-tag.cc.1.o build/src/lte/model/eps-bearer.cc.1.o build/src/lte/model/lte-radio-bearer-info.cc.1.o build/src/lte/model/lte-net-device.cc.1.o build/src/lte/model/lte-enb-net-device.cc.1.o build/src/lte/model/lte-ue-net-device.cc.1.o build/src/lte/model/ideal-control-messages.cc.1.o build/src/lte/helper/lte-helper.cc.1.o build/src/lte/helper/lte-stats-calculator.cc.1.o build/src/lte/helper/epc-helper.cc.1.o build/src/lte/helper/radio-bearer-stats-calculator.cc.1.o build/src/lte/helper/mac-stats-calculator.cc.1.o build/src/lte/helper/radio-environment-map-helper.cc.1.o build/src/lte/helper/lte-hex-grid-enb-topology-helper.cc.1.o build/src/lte/model/rem-spectrum-phy.cc.1.o build/src/lte/model/ff-mac-csched-sap.cc.1.o build/src/lte/model/ff-mac-sched-sap.cc.1.o build/src/lte/model/lte-mac-sap.cc.1.o build/src/lte/model/ff-mac-scheduler.cc.1.o build/src/lte/model/lte-enb-cmac-sap.cc.1.o build/src/lte/model/lte-ue-cmac-sap.cc.1.o build/src/lte/model/rr-ff-mac-scheduler.cc.1.o build/src/lte/model/lte-enb-mac.cc.1.o build/src/lte/model/lte-ue-mac.cc.1.o build/src/lte/model/lte-radio-bearer-tag.cc.1.o build/src/lte/model/lte-phy-tag.cc.1.o build/src/lte/model/lte-enb-phy-sap.cc.1.o build/src/lte/model/lte-ue-phy-sap.cc.1.o build/src/lte/model/lte-interference.cc.1.o build/src/lte/model/lte-sinr-chunk-processor.cc.1.o build/src/lte/model/pf-ff-mac-scheduler.cc.1.o build/src/lte/model/epc-gtpu-header.cc.1.o build/src/lte/model/trace-fading-loss-model.cc.1.o build/src/lte/model/epc-enb-application.cc.1.o build/src/lte/model/epc-sgw-pgw-application.cc.1.o build/src/lte/model/epc-tft.cc.1.o build/src/lte/model/epc-tft-classifier.cc.1.o build/src/lte/model/lte-mi-error-model.cc.1.o -> build/libns3.18-lte-debug.so
[1409/1425] cxxshlib: build/src/dsdv/model/dsdv-rtable.cc.1.o build/src/dsdv/model/dsdv-packet-queue.cc.1.o build/src/dsdv/model/dsdv-packet.cc.1.o build/src/dsdv/model/dsdv-routing-protocol.cc.1.o build/src/dsdv/helper/dsdv-helper.cc.1.o -> build/libns3.18-dsdv-debug.so
[1410/1425] cxxshlib: build/src/aodv/model/aodv-id-cache.cc.1.o build/src/aodv/model/aodv-dpd.cc.1.o build/src/aodv/model/aodv-rtable.cc.1.o build/src/aodv/model/aodv-rqueue.cc.1.o build/src/aodv/model/aodv-packet.cc.1.o build/src/aodv/model/aodv-neighbor.cc.1.o build/src/aodv/model/aodv-routing-protocol.cc.1.o build/src/aodv/helper/aodv-helper.cc.1.o -> build/libns3.18-aodv-debug.so
[1410/1425] cxxshlib: build/src/dsr/model/dsr-routing.cc.1.o build/src/dsr/model/dsr-options.cc.1.o build/src/dsr/model/dsr-fs-header.cc.1.o build/src/dsr/model/dsr-option-header.cc.1.o build/src/dsr/model/dsr-maintain-buff.cc.1.o build/src/dsr/model/dsr-rsendbuff.cc.1.o build/src/dsr/model/dsr-rcache.cc.1.o build/src/dsr/model/dsr-rreq-table.cc.1.o build/src/dsr/model/dsr-gratuitous-reply-table.cc.1.o build/src/dsr/model/dsr-errorbuff.cc.1.o build/src/dsr/model/dsr-network-queue.cc.1.o build/src/dsr/helper/dsr-helper.cc.1.o build/src/dsr/helper/dsr-main-helper.cc.1.o -> build/libns3.18-dsr-debug.so
[1411/1425] cxxshlib: build/src/netanim/model/animation-interface.cc.1.o build/src/netanim/helper/animation-interface-helper.cc.1.o -> build/libns3.18-netanim-debug.so
[1413/1425] cxxshlib: build/src/point-to-point-layout/model/point-to-point-dumbbell.cc.1.o build/src/point-to-point-layout/model/point-to-point-grid.cc.1.o build/src/point-to-point-layout/model/point-to-point-star.cc.1.o -> build/libns3.18-point-to-point-layout-debug.so
[1413/1425] cxxshlib: build/src/csma-layout/model/csma-star-helper.cc.1.o -> build/libns3.18-csma-layout-debug.so
[1414/1425] cxxshlib:  -> build/libns3.18-test-debug.so
[1415/1425] cxxprogram: build/utils/print-introspected-doxygen.cc.4.o -> build/utils/ns3.18-print-introspected-doxygen-debug
[1418/1425] cxxprogram: build/scratch/third.cc.1.o -> build/scratch/third
[1418/1425] cxxprogram: build/scratch/subdir/scratch-simulator-subdir.cc.2.o -> build/scratch/subdir/subdir
[1418/1425] cxxprogram: build/utils/test-runner.cc.1.o -> build/utils/ns3.18-test-runner-debug
[1419/1425] cxxprogram: build/scratch/scratch-simulator.cc.3.o -> build/scratch/scratch-simulator
Waf: Leaving directory `/home/bo/High-Precision-Congestion-Control/simulation/build'
'build' finished successfully (4.174s)
ENABLE_PFC			Yes
ENABLE_LRFC			No
ENABLE_BFC			No
ENABLE_QCN			Yes
USE_DYNAMIC_PFC_THRESHOLD	Yes
PACKET_PAYLOAD_SIZE		1000
TOPOLOGY_FILE			/home/bo/High-Precision-Congestion-Control/simulation/mix/demo/3node_1switch.txt
FLOW_FILE			/home/bo/High-Precision-Congestion-Control/simulation/mix/demo/demo_flow.txt
TRACE_FILE			
/home/bo/High-Precision-Congestion-Control/simulation/mix/demo/trace.txt
TRACE_OUTPUT_FILE		/home/bo/High-Precision-Congestion-Control/simulation/mix/demo/mix.tr
FCT_OUTPUT_FILE		/home/bo/High-Precision-Congestion-Control/simulation/mix/demo/fct.txt
PFC_OUTPUT_FILE				/home/bo/High-Precision-Congestion-Control/simulation/mix/demo/pfc.txt
SIMULATOR_STOP_TIME		1e+09
CC_MODE		1
ALPHA_RESUME_INTERVAL		1
RATE_DECREASE_INTERVAL		4
CLAMP_TARGET_RATE		No
RP_TIMER			900
EWMA_GAIN			0.00390625
FAST_RECOVERY_TIMES		1
RATE_AI				50Mb/s
RATE_HAI			100Mb/s
MIN_RATE		100Mb/s
DCTCP_RATE_AI				1000Mb/s
ERROR_RATE_PER_LINK		0
L2_CHUNK_SIZE			4000
L2_ACK_INTERVAL			1
L2_BACK_TO_ZERO			No
HAS_WIN		0
GLOBAL_T		1
VAR_WIN		1
FAST_REACT		1
U_TARGET		0.95
MI_THRESH		0
INT_MULTI				1
MULTI_RATE				0
SAMPLE_FEEDBACK				0
PINT_LOG_BASE				1.05
PINT_PROB				1
RATE_BOUND		1
ACK_HIGH_PRIO		1
LINK_DOWN				0 0 0
ENABLE_TRACE				1
KMAX_MAP				 400000000000 6400 200000000000 3200 100000000000 1600
KMIN_MAP				 400000000000 1600 200000000000 800 100000000000 400
PMAX_MAP				 400000000000 0.2 200000000000 0.2 100000000000 0.2
BUFFER_SIZE				16
QLEN_MON_FILE				/home/bo/High-Precision-Congestion-Control/simulation/mix/demo/qlen.txt
QLEN_MON_START				2000000000
QLEN_MON_END				2000900000
node_num: 17, switch_num: 1, link_num: 16
flow_num: 12
trace_num: 376
GENERIC_SIMULATION:main(): [INFO ] Create nodes.
GENERIC_SIMULATION:main(): [INFO ] Create channels.
======buffer config=======
total_buffer:16777216KB
total_hdrm:2343KB
total_rsrv:64KB
shared_buffer:13976KB
n_port:16
maxRtt=4040 maxBdp=202000
GENERIC_SIMULATION:main(): [INFO ] Create Applications.
Running Simulation.
GENERIC_SIMULATION:main(): [INFO ] Run Simulation.
Send PFC num:1||switch node id - 16||to node id - 8
Send PFC num:2||switch node id - 16||to node id - 10
Send PFC num:3||switch node id - 16||to node id - 12
Send PFC num:4||switch node id - 16||to node id - 4
Send PFC num:5||switch node id - 16||to node id - 5
Send PFC num:6||switch node id - 16||to node id - 7
Send PFC num:7||switch node id - 16||to node id - 9
Send PFC num:8||switch node id - 16||to node id - 3
Send PFC num:9||switch node id - 16||to node id - 6
Send PFC num:10||switch node id - 16||to node id - 13
Send PFC num:11||switch node id - 16||to node id - 2
Send PFC num:12||switch node id - 16||to node id - 11
Send Resume PFC num to node id - 11|| port status:0
Send Resume PFC num to node id - 13|| port status:0
Send Resume PFC num to node id - 2|| port status:0
Send Resume PFC num to node id - 6|| port status:0
Send Resume PFC num to node id - 3|| port status:0
Send Resume PFC num to node id - 9|| port status:0
Send Resume PFC num to node id - 8|| port status:0
Send Resume PFC num to node id - 5|| port status:0
Send Resume PFC num to node id - 4|| port status:0
Send Resume PFC num to node id - 7|| port status:0
Send Resume PFC num to node id - 12|| port status:0
Send Resume PFC num to node id - 10|| port status:0
Send PFC num:13||switch node id - 16||to node id - 4
Send PFC num:14||switch node id - 16||to node id - 10
Send PFC num:15||switch node id - 16||to node id - 7
Send PFC num:16||switch node id - 16||to node id - 12
Send PFC num:17||switch node id - 16||to node id - 5
Send PFC num:18||switch node id - 16||to node id - 13
Send PFC num:19||switch node id - 16||to node id - 11
Send PFC num:20||switch node id - 16||to node id - 2
Send PFC num:21||switch node id - 16||to node id - 6
Send PFC num:22||switch node id - 16||to node id - 9
Send PFC num:23||switch node id - 16||to node id - 8
Send Resume PFC num to node id - 12|| port status:0
Send Resume PFC num to node id - 5|| port status:0
Send Resume PFC num to node id - 7|| port status:0
Send Resume PFC num to node id - 4|| port status:0
Send Resume PFC num to node id - 10|| port status:0
Send PFC num:24||switch node id - 16||to node id - 10
Send PFC num:25||switch node id - 16||to node id - 4
Send PFC num:26||switch node id - 16||to node id - 12
Send PFC num:27||switch node id - 16||to node id - 7
Send PFC num:28||switch node id - 16||to node id - 5
Send Resume PFC num to node id - 12|| port status:0
Send Resume PFC num to node id - 5|| port status:0
Send Resume PFC num to node id - 7|| port status:0
Send Resume PFC num to node id - 4|| port status:0
Send Resume PFC num to node id - 10|| port status:0
Send Resume PFC num to node id - 13|| port status:0
Send PFC num:29||switch node id - 16||to node id - 13
Send PFC num:30||switch node id - 16||to node id - 4
Send PFC num:31||switch node id - 16||to node id - 10
Send PFC num:32||switch node id - 16||to node id - 7
Send PFC num:33||switch node id - 16||to node id - 5
Send PFC num:34||switch node id - 16||to node id - 12
Send Resume PFC num to node id - 11|| port status:0
Send PFC num:35||switch node id - 16||to node id - 11
Send Resume PFC num to node id - 7|| port status:0
Send Resume PFC num to node id - 12|| port status:0
Send Resume PFC num to node id - 5|| port status:0
Send Resume PFC num to node id - 2|| port status:0
Send Resume PFC num to node id - 4|| port status:0
Send Resume PFC num to node id - 10|| port status:0
Send PFC num:36||switch node id - 16||to node id - 2
Send PFC num:37||switch node id - 16||to node id - 7
Send PFC num:38||switch node id - 16||to node id - 12
Send PFC num:39||switch node id - 16||to node id - 5
Send PFC num:40||switch node id - 16||to node id - 10
Send PFC num:41||switch node id - 16||to node id - 4
Send Resume PFC num to node id - 6|| port status:0
Send Resume PFC num to node id - 13|| port status:0
Send PFC num:42||switch node id - 16||to node id - 6
Send PFC num:43||switch node id - 16||to node id - 13
Send Resume PFC num to node id - 11|| port status:0
Send Resume PFC num to node id - 5|| port status:0
Send Resume PFC num to node id - 7|| port status:0
Send Resume PFC num to node id - 12|| port status:0
Send Resume PFC num to node id - 4|| port status:0
Send Resume PFC num to node id - 10|| port status:0
Send PFC num:44||switch node id - 16||to node id - 11
Send PFC num:45||switch node id - 16||to node id - 5
Send PFC num:46||switch node id - 16||to node id - 7
Send PFC num:47||switch node id - 16||to node id - 12
Send PFC num:48||switch node id - 16||to node id - 4
Send PFC num:49||switch node id - 16||to node id - 10
Send Resume PFC num to node id - 2|| port status:0
Send Resume PFC num to node id - 7|| port status:0
Send Resume PFC num to node id - 12|| port status:0
Send Resume PFC num to node id - 5|| port status:0
Send Resume PFC num to node id - 4|| port status:0
Send Resume PFC num to node id - 10|| port status:0
Send Resume PFC num to node id - 13|| port status:0
Send Resume PFC num to node id - 6|| port status:0
Send PFC num:50||switch node id - 16||to node id - 2
Send PFC num:51||switch node id - 16||to node id - 13
Send PFC num:52||switch node id - 16||to node id - 3
Send PFC num:53||switch node id - 16||to node id - 6
Send PFC num:54||switch node id - 16||to node id - 10
Send Resume PFC num to node id - 11|| port status:0
Send PFC num:55||switch node id - 16||to node id - 4
Send Resume PFC num to node id - 10|| port status:0
Send PFC num:56||switch node id - 16||to node id - 11
Send Resume PFC num to node id - 9|| port status:0
Send Resume PFC num to node id - 4|| port status:0
Send Resume PFC num to node id - 13|| port status:0
Send Resume PFC num to node id - 8|| port status:0
Send Resume PFC num to node id - 2|| port status:0
Send PFC num:57||switch node id - 16||to node id - 9
Send Resume PFC num to node id - 6|| port status:0
Send PFC num:58||switch node id - 16||to node id - 8
Send PFC num:59||switch node id - 16||to node id - 13
Send PFC num:60||switch node id - 16||to node id - 2
Send PFC num:61||switch node id - 16||to node id - 6
Send Resume PFC num to node id - 11|| port status:0
Send PFC num:62||switch node id - 16||to node id - 11
Send Resume PFC num to node id - 13|| port status:0
Send Resume PFC num to node id - 2|| port status:0
Send Resume PFC num to node id - 9|| port status:0
Send Resume PFC num to node id - 6|| port status:0
Send Resume PFC num to node id - 8|| port status:0
Send Resume PFC num to node id - 11|| port status:0
Send PFC num:63||switch node id - 16||to node id - 9
Send PFC num:64||switch node id - 16||to node id - 13
Send PFC num:65||switch node id - 16||to node id - 2
Send PFC num:66||switch node id - 16||to node id - 6
Send PFC num:67||switch node id - 16||to node id - 8
Send PFC num:68||switch node id - 16||to node id - 11
Send Resume PFC num to node id - 13|| port status:0
Send Resume PFC num to node id - 2|| port status:0
Send Resume PFC num to node id - 6|| port status:0
Send Resume PFC num to node id - 11|| port status:0
Send Resume PFC num to node id - 9|| port status:0
Send Resume PFC num to node id - 8|| port status:0
Send PFC num:69||switch node id - 16||to node id - 2
Send PFC num:70||switch node id - 16||to node id - 6
Send PFC num:71||switch node id - 16||to node id - 9
Send PFC num:72||switch node id - 16||to node id - 8
Send PFC num:73||switch node id - 16||to node id - 11
Send Resume PFC num to node id - 2|| port status:0
Send Resume PFC num to node id - 6|| port status:0
Send Resume PFC num to node id - 11|| port status:0
Send Resume PFC num to node id - 9|| port status:0
Send Resume PFC num to node id - 8|| port status:0
Send PFC num:74||switch node id - 16||to node id - 9
Send PFC num:75||switch node id - 16||to node id - 8
Send Resume PFC num to node id - 9|| port status:0
Send Resume PFC num to node id - 8|| port status:0
Send PFC num:76||switch node id - 16||to node id - 8
Send Resume PFC num to node id - 8|| port status:0
Send Resume PFC num to node id - 3|| port status:0
Send PFC num:77||switch node id - 16||to node id - 3
Send Resume PFC num to node id - 3|| port status:0
Nodeid:3||finish send:6625||base rtt:4040||time:+2001615538.0ns
node:3 || the num of generate pkg:6625
RDMADRIVE::QPCOMPLETE
 qp finish =========
Send PFC num:78||switch node id - 16||to node id - 13
Send Resume PFC num to node id - 13|| port status:0
Send PFC num:79||switch node id - 16||to node id - 13
Send Resume PFC num to node id - 13|| port status:0
Send PFC num:80||switch node id - 16||to node id - 13
Send Resume PFC num to node id - 13|| port status:0
Nodeid:10||finish send:6625||base rtt:4040||time:+2003933342.0ns
node:10 || the num of generate pkg:6625
RDMADRIVE::QPCOMPLETE
 qp finish =========
Nodeid:5||finish send:6625||base rtt:4040||time:+2004263714.0ns
Nodeid:9||finish send:6625||base rtt:4040||time:+2004267124.0ns
node:5 || the num of generate pkg:6625
RDMADRIVE::QPCOMPLETE
 qp finish =========
node:9 || the num of generate pkg:6625
RDMADRIVE::QPCOMPLETE
 qp finish =========
Nodeid:4||finish send:6625||base rtt:4040||time:+2004285223.0ns
node:4 || the num of generate pkg:6625
RDMADRIVE::QPCOMPLETE
 qp finish =========
Nodeid:12||finish send:6625||base rtt:4040||time:+2004318130.0ns
Nodeid:8||finish send:6625||base rtt:4040||time:+2004318952.0ns
node:12 || the num of generate pkg:6625
RDMADRIVE::QPCOMPLETE
 qp finish =========
node:8 || the num of generate pkg:6625
RDMADRIVE::QPCOMPLETE
 qp finish =========
Nodeid:11||finish send:6625||base rtt:4040||time:+2004374004.0ns
node:11 || the num of generate pkg:6625
RDMADRIVE::QPCOMPLETE
 qp finish =========
Nodeid:7||finish send:6625||base rtt:4040||time:+2004430584.0ns
node:7 || the num of generate pkg:6625
RDMADRIVE::QPCOMPLETE
 qp finish =========
Nodeid:13||finish send:6625||base rtt:4040||time:+2004435383.0ns
node:13 || the num of generate pkg:6625
RDMADRIVE::QPCOMPLETE
 qp finish =========
Nodeid:2||finish send:6625||base rtt:4040||time:+2004484872.0ns
Nodeid:6||finish send:6625||base rtt:4040||time:+2004485192.0ns
node:2 || the num of generate pkg:6625
RDMADRIVE::QPCOMPLETE
 qp finish =========
node:6 || the num of generate pkg:6625
RDMADRIVE::QPCOMPLETE
 qp finish =========
[third] Simulation ended at: +1000000000000000000.0ns
GENERIC_SIMULATION:main(): [INFO ] Done.
4.21791
avg: 4105.891833333333 μs avg: 344.7914765570329 μs tail: 4489.234 μs
